 
-------------------------------64-------------------------
 
 
#threads = 1 
 
------------------------------------------
 
FW_TILED,1024,64,0.5302
FW_TILED,2048,64,3.5819
FW_TILED,4096,64,28.5976
 
------------------------------------------
 
#threads = 2 
 
------------------------------------------
 
FW_TILED,1024,64,0.2903
FW_TILED,2048,64,1.8372
FW_TILED,4096,64,14.5832
 
------------------------------------------
 
#threads = 4 
 
------------------------------------------
 
FW_TILED,1024,64,0.1578
FW_TILED,2048,64,0.9960
FW_TILED,4096,64,7.6048
 
------------------------------------------
 
#threads = 8 
 
------------------------------------------
 
FW_TILED,1024,64,0.0912
FW_TILED,2048,64,0.5553
FW_TILED,4096,64,3.9334
 
------------------------------------------
 
#threads = 16 
 
------------------------------------------
 
FW_TILED,1024,64,0.0753
FW_TILED,2048,64,0.3456
FW_TILED,4096,64,2.0598
 
------------------------------------------
 
#threads = 32 
 
------------------------------------------
 
FW_TILED,1024,64,0.0812
FW_TILED,2048,64,0.2491
FW_TILED,4096,64,1.7751
 
------------------------------------------
 
#threads = 64 
 
------------------------------------------
 
FW_TILED,1024,64,0.0860
FW_TILED,2048,64,0.2613
FW_TILED,4096,64,1.0413
 
------------------------------------------
