 
-------------------------------64-------------------------
 
 
#threads = 1 
 
------------------------------------------
 
FW_SR,1024,64,0.6123
FW_SR,2048,64,4.7628
FW_SR,4096,64,37.4816
 
------------------------------------------
 
#threads = 2 
 
------------------------------------------
 
FW_SR,1024,64,0.3652
FW_SR,2048,64,2.6211
FW_SR,4096,64,19.7087
 
------------------------------------------
 
#threads = 4 
 
------------------------------------------
 
FW_SR,1024,64,0.3045
FW_SR,2048,64,2.0405
FW_SR,4096,64,14.7110
 
------------------------------------------
 
#threads = 8 
 
------------------------------------------
 
FW_SR,1024,64,0.3140
FW_SR,2048,64,2.0430
FW_SR,4096,64,13.7522
 
------------------------------------------
 
#threads = 16 
 
------------------------------------------
 
FW_SR,1024,64,0.3227
FW_SR,2048,64,1.9446
FW_SR,4096,64,14.0805
 
------------------------------------------
 
#threads = 32 
 
------------------------------------------
 
FW_SR,1024,64,0.3478
FW_SR,2048,64,2.2034
FW_SR,4096,64,14.4046
 
------------------------------------------
 
#threads = 64 
 
------------------------------------------
 
FW_SR,1024,64,0.3864
FW_SR,2048,64,2.6806
FW_SR,4096,64,16.8846
 
------------------------------------------
 
-------------------------------128-------------------------
 
 
#threads = 1 
 
------------------------------------------
 
FW_SR,1024,128,0.5587
FW_SR,2048,128,3.9195
FW_SR,4096,128,29.2988
 
------------------------------------------
 
#threads = 2 
 
------------------------------------------
 
FW_SR,1024,128,0.3735
FW_SR,2048,128,2.2700
FW_SR,4096,128,15.7942
 
------------------------------------------
 
#threads = 4 
 
------------------------------------------
 
FW_SR,1024,128,0.3538
FW_SR,2048,128,1.8976
FW_SR,4096,128,12.4867
 
------------------------------------------
 
#threads = 8 
 
------------------------------------------
 
FW_SR,1024,128,0.3584
FW_SR,2048,128,2.0103
FW_SR,4096,128,11.9880
 
------------------------------------------
 
#threads = 16 
 
------------------------------------------
 
FW_SR,1024,128,0.3581
FW_SR,2048,128,1.9432
FW_SR,4096,128,12.3261
 
------------------------------------------
 
#threads = 32 
 
------------------------------------------
 
FW_SR,1024,128,0.3679
FW_SR,2048,128,2.0033
FW_SR,4096,128,11.7582
 
------------------------------------------
 
#threads = 64 
 
------------------------------------------
 
FW_SR,1024,128,0.3712
FW_SR,2048,128,2.0139
FW_SR,4096,128,12.5791
 
------------------------------------------
