make -C common clean
make[1]: Entering directory `/home/parallel/parlab26/ex4/common'
/bin/rm -f  *.o *.s *~
make[1]: Leaving directory `/home/parallel/parlab26/ex4/common'
make -C cuda clean
make[1]: Entering directory `/home/parallel/parlab26/ex4/cuda'
/bin/rm -f dmm_main dmm.o dmm_gpu.o dmm_main.o gpu_util.o mat_util.o
make[1]: Leaving directory `/home/parallel/parlab26/ex4/cuda'
make -C common 
make[1]: Entering directory `/home/parallel/parlab26/ex4/common'
cc  -DNDEBUG -c -Wall -std=gnu99 -O3 -c -o alloc.o alloc.c
cc  -DNDEBUG -c -Wall -std=gnu99 -O3 -c -o error.o error.c
cc  -DNDEBUG -c -Wall -std=gnu99 -O3 -c -o timer.o timer.c
make[1]: Leaving directory `/home/parallel/parlab26/ex4/common'
make -C cuda 
make[1]: Entering directory `/home/parallel/parlab26/ex4/cuda'
cc -D__FLOAT_VALUES -DEPS=1e-2 -I../common -DNDEBUG -c -Wall -std=gnu99 -O3 -o dmm.o dmm.c
/usr/local/cuda/bin/nvcc -D__FLOAT_VALUES -DEPS=1e-2 -I../common -DNDEBUG -I/usr/local/cuda/include -c -ccbin gcc -arch sm_20  -O3 --ptxas-options=-v -o dmm_gpu.o dmm_gpu.cu
/usr/local/cuda/bin/nvcc -D__FLOAT_VALUES -DEPS=1e-2 -I../common -DNDEBUG -I/usr/local/cuda/include -c -ccbin gcc -arch sm_20  -O3 --ptxas-options=-v -o dmm_main.o dmm_main.cu
/usr/local/cuda/bin/nvcc -D__FLOAT_VALUES -DEPS=1e-2 -I../common -DNDEBUG -I/usr/local/cuda/include -c -ccbin gcc -arch sm_20  -O3 --ptxas-options=-v -o gpu_util.o gpu_util.cu
cc -D__FLOAT_VALUES -DEPS=1e-2 -I../common -DNDEBUG -c -Wall -std=gnu99 -O3 -o mat_util.o mat_util.c
/usr/local/cuda/bin/nvcc -o dmm_main -L../common  ../common/alloc.o  ../common/error.o  ../common/timer.o dmm.o dmm_gpu.o dmm_main.o gpu_util.o mat_util.o -L/usr/local/cuda/lib64 -lcudart -lcublas -lm
make[1]: Leaving directory `/home/parallel/parlab26/ex4/cuda'
Benchmark started on Tue Mar 12 04:32:32 EET 2019 in termi5
Dimension M: 256
Adjusted dimension M: 256
Dimension N: 256
Adjusted dimension N: 256
Dimension K: 256
Adjusted dimension K: 256
>>>> Begin of record <<<<
Block size: 512x1
Grid size : 1x256
Shared memory size: 0 bytes
GPU kernel version: cublas
Elapsed time: 0.014377 s
Performance:  233.389664 Gflop/s
>>>> End of record <<<<
Dimension M: 256
Adjusted dimension M: 256
Dimension N: 256
Adjusted dimension N: 256
Dimension K: 512
Adjusted dimension K: 512
>>>> Begin of record <<<<
Block size: 512x1
Grid size : 1x256
Shared memory size: 0 bytes
GPU kernel version: cublas
Elapsed time: 0.025943 s
Performance:  258.678117 Gflop/s
>>>> End of record <<<<
Dimension M: 256
Adjusted dimension M: 256
Dimension N: 256
Adjusted dimension N: 256
Dimension K: 1024
Adjusted dimension K: 1024
>>>> Begin of record <<<<
Block size: 512x1
Grid size : 1x256
Shared memory size: 0 bytes
GPU kernel version: cublas
Elapsed time: 0.047988 s
Performance:  279.690189 Gflop/s
>>>> End of record <<<<
Dimension M: 256
Adjusted dimension M: 256
Dimension N: 256
Adjusted dimension N: 256
Dimension K: 2048
Adjusted dimension K: 2048
>>>> Begin of record <<<<
Block size: 512x1
Grid size : 1x256
Shared memory size: 0 bytes
GPU kernel version: cublas
Elapsed time: 0.092006 s
Performance:  291.758642 Gflop/s
>>>> End of record <<<<
Dimension M: 256
Adjusted dimension M: 256
Dimension N: 512
Adjusted dimension N: 512
Dimension K: 256
Adjusted dimension K: 256
>>>> Begin of record <<<<
Block size: 512x1
Grid size : 1x256
Shared memory size: 0 bytes
GPU kernel version: cublas
Elapsed time: 0.016369 s
Performance:  409.975344 Gflop/s
>>>> End of record <<<<
Dimension M: 256
Adjusted dimension M: 256
Dimension N: 512
Adjusted dimension N: 512
Dimension K: 512
Adjusted dimension K: 512
>>>> Begin of record <<<<
Block size: 512x1
Grid size : 1x256
Shared memory size: 0 bytes
GPU kernel version: cublas
Elapsed time: 0.029002 s
Performance:  462.787835 Gflop/s
>>>> End of record <<<<
Dimension M: 256
Adjusted dimension M: 256
Dimension N: 512
Adjusted dimension N: 512
Dimension K: 1024
Adjusted dimension K: 1024
>>>> Begin of record <<<<
Block size: 512x1
Grid size : 1x256
Shared memory size: 0 bytes
GPU kernel version: cublas
Elapsed time: 0.054433 s
Performance:  493.148377 Gflop/s
>>>> End of record <<<<
Dimension M: 256
Adjusted dimension M: 256
Dimension N: 512
Adjusted dimension N: 512
Dimension K: 2048
Adjusted dimension K: 2048
>>>> Begin of record <<<<
Block size: 512x1
Grid size : 1x256
Shared memory size: 0 bytes
GPU kernel version: cublas
Elapsed time: 0.106711 s
Performance:  503.107376 Gflop/s
>>>> End of record <<<<
Dimension M: 256
Adjusted dimension M: 256
Dimension N: 1024
Adjusted dimension N: 1024
Dimension K: 256
Adjusted dimension K: 256
>>>> Begin of record <<<<
Block size: 512x1
Grid size : 2x256
Shared memory size: 0 bytes
GPU kernel version: cublas
Elapsed time: 0.032262 s
Performance:  416.024202 Gflop/s
>>>> End of record <<<<
Dimension M: 256
Adjusted dimension M: 256
Dimension N: 1024
Adjusted dimension N: 1024
Dimension K: 512
Adjusted dimension K: 512
>>>> Begin of record <<<<
Block size: 512x1
Grid size : 2x256
Shared memory size: 0 bytes
GPU kernel version: cublas
Elapsed time: 0.059476 s
Performance:  451.334078 Gflop/s
>>>> End of record <<<<
Dimension M: 256
Adjusted dimension M: 256
Dimension N: 1024
Adjusted dimension N: 1024
Dimension K: 1024
Adjusted dimension K: 1024
>>>> Begin of record <<<<
Block size: 512x1
Grid size : 2x256
Shared memory size: 0 bytes
GPU kernel version: cublas
Elapsed time: 0.113168 s
Performance:  474.401697 Gflop/s
>>>> End of record <<<<
Dimension M: 256
Adjusted dimension M: 256
Dimension N: 1024
Adjusted dimension N: 1024
Dimension K: 2048
Adjusted dimension K: 2048
>>>> Begin of record <<<<
Block size: 512x1
Grid size : 2x256
Shared memory size: 0 bytes
GPU kernel version: cublas
Elapsed time: 0.221194 s
Performance:  485.429905 Gflop/s
>>>> End of record <<<<
Dimension M: 256
Adjusted dimension M: 256
Dimension N: 2048
Adjusted dimension N: 2048
Dimension K: 256
Adjusted dimension K: 256
>>>> Begin of record <<<<
Block size: 512x1
Grid size : 4x256
Shared memory size: 0 bytes
GPU kernel version: cublas
Elapsed time: 0.050012 s
Performance:  536.742094 Gflop/s
>>>> End of record <<<<
Dimension M: 256
Adjusted dimension M: 256
Dimension N: 2048
Adjusted dimension N: 2048
Dimension K: 512
Adjusted dimension K: 512
>>>> Begin of record <<<<
Block size: 512x1
Grid size : 4x256
Shared memory size: 0 bytes
GPU kernel version: cublas
Elapsed time: 0.093692 s
Performance:  573.016813 Gflop/s
>>>> End of record <<<<
Dimension M: 256
Adjusted dimension M: 256
Dimension N: 2048
Adjusted dimension N: 2048
Dimension K: 1024
Adjusted dimension K: 1024
>>>> Begin of record <<<<
Block size: 512x1
Grid size : 4x256
Shared memory size: 0 bytes
GPU kernel version: cublas
Elapsed time: 0.182280 s
Performance:  589.061786 Gflop/s
>>>> End of record <<<<
Dimension M: 256
Adjusted dimension M: 256
Dimension N: 2048
Adjusted dimension N: 2048
Dimension K: 2048
Adjusted dimension K: 2048
>>>> Begin of record <<<<
Block size: 512x1
Grid size : 4x256
Shared memory size: 0 bytes
GPU kernel version: cublas
Elapsed time: 0.359710 s
Performance:  597.004156 Gflop/s
>>>> End of record <<<<
Dimension M: 512
Adjusted dimension M: 512
Dimension N: 256
Adjusted dimension N: 256
Dimension K: 256
Adjusted dimension K: 256
>>>> Begin of record <<<<
Block size: 512x1
Grid size : 1x512
Shared memory size: 0 bytes
GPU kernel version: cublas
Elapsed time: 0.016390 s
Performance:  409.450055 Gflop/s
>>>> End of record <<<<
Dimension M: 512
Adjusted dimension M: 512
Dimension N: 256
Adjusted dimension N: 256
Dimension K: 512
Adjusted dimension K: 512
>>>> Begin of record <<<<
Block size: 512x1
Grid size : 1x512
Shared memory size: 0 bytes
GPU kernel version: cublas
Elapsed time: 0.029275 s
Performance:  458.472171 Gflop/s
>>>> End of record <<<<
Dimension M: 512
Adjusted dimension M: 512
Dimension N: 256
Adjusted dimension N: 256
Dimension K: 1024
Adjusted dimension K: 1024
>>>> Begin of record <<<<
Block size: 512x1
Grid size : 1x512
Shared memory size: 0 bytes
GPU kernel version: cublas
Elapsed time: 0.055440 s
Performance:  484.190938 Gflop/s
>>>> End of record <<<<
Dimension M: 512
Adjusted dimension M: 512
Dimension N: 256
Adjusted dimension N: 256
Dimension K: 2048
Adjusted dimension K: 2048
>>>> Begin of record <<<<
Block size: 512x1
Grid size : 1x512
Shared memory size: 0 bytes
GPU kernel version: cublas
Elapsed time: 0.109552 s
Performance:  490.060348 Gflop/s
>>>> End of record <<<<
Dimension M: 512
Adjusted dimension M: 512
Dimension N: 512
Adjusted dimension N: 512
Dimension K: 256
Adjusted dimension K: 256
>>>> Begin of record <<<<
Block size: 512x1
Grid size : 1x512
Shared memory size: 0 bytes
GPU kernel version: cublas
Elapsed time: 0.032254 s
Performance:  416.127389 Gflop/s
>>>> End of record <<<<
Dimension M: 512
Adjusted dimension M: 512
Dimension N: 512
Adjusted dimension N: 512
Dimension K: 512
Adjusted dimension K: 512
>>>> Begin of record <<<<
Block size: 512x1
Grid size : 1x512
Shared memory size: 0 bytes
GPU kernel version: cublas
Elapsed time: 0.059340 s
Performance:  452.368480 Gflop/s
>>>> End of record <<<<
Dimension M: 512
Adjusted dimension M: 512
Dimension N: 512
Adjusted dimension N: 512
Dimension K: 1024
Adjusted dimension K: 1024
>>>> Begin of record <<<<
Block size: 512x1
Grid size : 1x512
Shared memory size: 0 bytes
GPU kernel version: cublas
Elapsed time: 0.114302 s
Performance:  469.695116 Gflop/s
>>>> End of record <<<<
Dimension M: 512
Adjusted dimension M: 512
Dimension N: 512
Adjusted dimension N: 512
Dimension K: 2048
Adjusted dimension K: 2048
>>>> Begin of record <<<<
Block size: 512x1
Grid size : 1x512
Shared memory size: 0 bytes
GPU kernel version: cublas
Elapsed time: 0.223418 s
Performance:  480.597724 Gflop/s
>>>> End of record <<<<
Dimension M: 512
Adjusted dimension M: 512
Dimension N: 1024
Adjusted dimension N: 1024
Dimension K: 256
Adjusted dimension K: 256
>>>> Begin of record <<<<
Block size: 512x1
Grid size : 2x512
Shared memory size: 0 bytes
GPU kernel version: cublas
Elapsed time: 0.049951 s
Performance:  537.397562 Gflop/s
>>>> End of record <<<<
Dimension M: 512
Adjusted dimension M: 512
Dimension N: 1024
Adjusted dimension N: 1024
Dimension K: 512
Adjusted dimension K: 512
>>>> Begin of record <<<<
Block size: 512x1
Grid size : 2x512
Shared memory size: 0 bytes
GPU kernel version: cublas
Elapsed time: 0.093647 s
Performance:  573.292163 Gflop/s
>>>> End of record <<<<
Dimension M: 512
Adjusted dimension M: 512
Dimension N: 1024
Adjusted dimension N: 1024
Dimension K: 1024
Adjusted dimension K: 1024
>>>> Begin of record <<<<
Block size: 512x1
Grid size : 2x512
Shared memory size: 0 bytes
GPU kernel version: cublas
Elapsed time: 0.181737 s
Performance:  590.821805 Gflop/s
>>>> End of record <<<<
Dimension M: 512
Adjusted dimension M: 512
Dimension N: 1024
Adjusted dimension N: 1024
Dimension K: 2048
Adjusted dimension K: 2048
>>>> Begin of record <<<<
Block size: 512x1
Grid size : 2x512
Shared memory size: 0 bytes
GPU kernel version: cublas
Elapsed time: 0.358194 s
Performance:  599.530882 Gflop/s
>>>> End of record <<<<
Dimension M: 512
Adjusted dimension M: 512
Dimension N: 2048
Adjusted dimension N: 2048
Dimension K: 256
Adjusted dimension K: 256
>>>> Begin of record <<<<
Block size: 512x1
Grid size : 4x512
Shared memory size: 0 bytes
GPU kernel version: cublas
Elapsed time: 0.090347 s
Performance:  594.232141 Gflop/s
>>>> End of record <<<<
Dimension M: 512
Adjusted dimension M: 512
Dimension N: 2048
Adjusted dimension N: 2048
Dimension K: 512
Adjusted dimension K: 512
>>>> Begin of record <<<<
Block size: 512x1
Grid size : 4x512
Shared memory size: 0 bytes
GPU kernel version: cublas
Elapsed time: 0.172623 s
Performance:  622.015504 Gflop/s
>>>> End of record <<<<
Dimension M: 512
Adjusted dimension M: 512
Dimension N: 2048
Adjusted dimension N: 2048
Dimension K: 1024
Adjusted dimension K: 1024
>>>> Begin of record <<<<
Block size: 512x1
Grid size : 4x512
Shared memory size: 0 bytes
GPU kernel version: cublas
Elapsed time: 0.335546 s
Performance:  639.996796 Gflop/s
>>>> End of record <<<<
Dimension M: 512
Adjusted dimension M: 512
Dimension N: 2048
Adjusted dimension N: 2048
Dimension K: 2048
Adjusted dimension K: 2048
>>>> Begin of record <<<<
Block size: 512x1
Grid size : 4x512
Shared memory size: 0 bytes
GPU kernel version: cublas
Elapsed time: 0.661207 s
Performance:  649.564705 Gflop/s
>>>> End of record <<<<
Dimension M: 1024
Adjusted dimension M: 1024
Dimension N: 256
Adjusted dimension N: 256
Dimension K: 256
Adjusted dimension K: 256
>>>> Begin of record <<<<
Block size: 512x1
Grid size : 1x1024
Shared memory size: 0 bytes
GPU kernel version: cublas
Elapsed time: 0.031682 s
Performance:  423.640326 Gflop/s
>>>> End of record <<<<
Dimension M: 1024
Adjusted dimension M: 1024
Dimension N: 256
Adjusted dimension N: 256
Dimension K: 512
Adjusted dimension K: 512
>>>> Begin of record <<<<
Block size: 512x1
Grid size : 1x1024
Shared memory size: 0 bytes
GPU kernel version: cublas
Elapsed time: 0.058627 s
Performance:  457.870019 Gflop/s
>>>> End of record <<<<
Dimension M: 1024
Adjusted dimension M: 1024
Dimension N: 256
Adjusted dimension N: 256
Dimension K: 1024
Adjusted dimension K: 1024
>>>> Begin of record <<<<
Block size: 512x1
Grid size : 1x1024
Shared memory size: 0 bytes
GPU kernel version: cublas
Elapsed time: 0.111970 s
Performance:  479.477460 Gflop/s
>>>> End of record <<<<
Dimension M: 1024
Adjusted dimension M: 1024
Dimension N: 256
Adjusted dimension N: 256
Dimension K: 2048
Adjusted dimension K: 2048
>>>> Begin of record <<<<
Block size: 512x1
Grid size : 1x1024
Shared memory size: 0 bytes
GPU kernel version: cublas
Elapsed time: 0.218941 s
Performance:  490.425194 Gflop/s
>>>> End of record <<<<
Dimension M: 1024
Adjusted dimension M: 1024
Dimension N: 512
Adjusted dimension N: 512
Dimension K: 256
Adjusted dimension K: 256
>>>> Begin of record <<<<
Block size: 512x1
Grid size : 1x1024
Shared memory size: 0 bytes
GPU kernel version: cublas
Elapsed time: 0.049392 s
Performance:  543.479624 Gflop/s
>>>> End of record <<<<
Dimension M: 1024
Adjusted dimension M: 1024
Dimension N: 512
Adjusted dimension N: 512
Dimension K: 512
Adjusted dimension K: 512
>>>> Begin of record <<<<
Block size: 512x1
Grid size : 1x1024
Shared memory size: 0 bytes
GPU kernel version: cublas
Elapsed time: 0.092156 s
Performance:  582.567507 Gflop/s
>>>> End of record <<<<
Dimension M: 1024
Adjusted dimension M: 1024
Dimension N: 512
Adjusted dimension N: 512
Dimension K: 1024
Adjusted dimension K: 1024
>>>> Begin of record <<<<
Block size: 512x1
Grid size : 1x1024
Shared memory size: 0 bytes
GPU kernel version: cublas
Elapsed time: 0.178741 s
Performance:  600.724973 Gflop/s
>>>> End of record <<<<
Dimension M: 1024
Adjusted dimension M: 1024
Dimension N: 512
Adjusted dimension N: 512
Dimension K: 2048
Adjusted dimension K: 2048
>>>> Begin of record <<<<
Block size: 512x1
Grid size : 1x1024
Shared memory size: 0 bytes
GPU kernel version: cublas
Elapsed time: 0.355964 s
Performance:  603.286750 Gflop/s
>>>> End of record <<<<
Dimension M: 1024
Adjusted dimension M: 1024
Dimension N: 1024
Adjusted dimension N: 1024
Dimension K: 256
Adjusted dimension K: 256
>>>> Begin of record <<<<
Block size: 512x1
Grid size : 2x1024
Shared memory size: 0 bytes
GPU kernel version: cublas
Elapsed time: 0.090240 s
Performance:  594.936738 Gflop/s
>>>> End of record <<<<
Dimension M: 1024
Adjusted dimension M: 1024
Dimension N: 1024
Adjusted dimension N: 1024
Dimension K: 512
Adjusted dimension K: 512
>>>> Begin of record <<<<
Block size: 512x1
Grid size : 2x1024
Shared memory size: 0 bytes
GPU kernel version: cublas
Elapsed time: 0.171981 s
Performance:  624.337470 Gflop/s
>>>> End of record <<<<
Dimension M: 1024
Adjusted dimension M: 1024
Dimension N: 1024
Adjusted dimension N: 1024
Dimension K: 1024
Adjusted dimension K: 1024
>>>> Begin of record <<<<
Block size: 512x1
Grid size : 2x1024
Shared memory size: 0 bytes
GPU kernel version: cublas
Elapsed time: 0.337530 s
Performance:  636.234897 Gflop/s
>>>> End of record <<<<
Dimension M: 1024
Adjusted dimension M: 1024
Dimension N: 1024
Adjusted dimension N: 1024
Dimension K: 2048
Adjusted dimension K: 2048
>>>> Begin of record <<<<
Block size: 512x1
Grid size : 2x1024
Shared memory size: 0 bytes
GPU kernel version: cublas
Elapsed time: 0.662570 s
Performance:  648.228458 Gflop/s
>>>> End of record <<<<
Dimension M: 1024
Adjusted dimension M: 1024
Dimension N: 2048
Adjusted dimension N: 2048
Dimension K: 256
Adjusted dimension K: 256
>>>> Begin of record <<<<
Block size: 512x1
Grid size : 4x1024
Shared memory size: 0 bytes
GPU kernel version: cublas
Elapsed time: 0.172872 s
Performance:  621.119571 Gflop/s
>>>> End of record <<<<
Dimension M: 1024
Adjusted dimension M: 1024
Dimension N: 2048
Adjusted dimension N: 2048
Dimension K: 512
Adjusted dimension K: 512
>>>> Begin of record <<<<
Block size: 512x1
Grid size : 4x1024
Shared memory size: 0 bytes
GPU kernel version: cublas
Elapsed time: 0.333516 s
Performance:  643.892241 Gflop/s
>>>> End of record <<<<
Dimension M: 1024
Adjusted dimension M: 1024
Dimension N: 2048
Adjusted dimension N: 2048
Dimension K: 1024
Adjusted dimension K: 1024
>>>> Begin of record <<<<
Block size: 512x1
Grid size : 4x1024
Shared memory size: 0 bytes
GPU kernel version: cublas
Elapsed time: 0.653368 s
Performance:  657.358073 Gflop/s
>>>> End of record <<<<
Dimension M: 1024
Adjusted dimension M: 1024
Dimension N: 2048
Adjusted dimension N: 2048
Dimension K: 2048
Adjusted dimension K: 2048
>>>> Begin of record <<<<
Block size: 512x1
Grid size : 4x1024
Shared memory size: 0 bytes
GPU kernel version: cublas
Elapsed time: 1.298868 s
Performance:  661.340074 Gflop/s
>>>> End of record <<<<
Dimension M: 2048
Adjusted dimension M: 2048
Dimension N: 256
Adjusted dimension N: 256
Dimension K: 256
Adjusted dimension K: 256
>>>> Begin of record <<<<
Block size: 512x1
Grid size : 1x2048
Shared memory size: 0 bytes
GPU kernel version: cublas
Elapsed time: 0.048997 s
Performance:  547.861004 Gflop/s
>>>> End of record <<<<
Dimension M: 2048
Adjusted dimension M: 2048
Dimension N: 256
Adjusted dimension N: 256
Dimension K: 512
Adjusted dimension K: 512
>>>> Begin of record <<<<
Block size: 512x1
Grid size : 1x2048
Shared memory size: 0 bytes
GPU kernel version: cublas
Elapsed time: 0.091602 s
Performance:  586.090819 Gflop/s
>>>> End of record <<<<
Dimension M: 2048
Adjusted dimension M: 2048
Dimension N: 256
Adjusted dimension N: 256
Dimension K: 1024
Adjusted dimension K: 1024
>>>> Begin of record <<<<
Block size: 512x1
Grid size : 1x2048
Shared memory size: 0 bytes
GPU kernel version: cublas
Elapsed time: 0.178289 s
Performance:  602.247937 Gflop/s
>>>> End of record <<<<
Dimension M: 2048
Adjusted dimension M: 2048
Dimension N: 256
Adjusted dimension N: 256
Dimension K: 2048
Adjusted dimension K: 2048
>>>> Begin of record <<<<
Block size: 512x1
Grid size : 1x2048
Shared memory size: 0 bytes
GPU kernel version: cublas
Elapsed time: 0.352512 s
Performance:  609.194481 Gflop/s
>>>> End of record <<<<
Dimension M: 2048
Adjusted dimension M: 2048
Dimension N: 512
Adjusted dimension N: 512
Dimension K: 256
Adjusted dimension K: 256
>>>> Begin of record <<<<
Block size: 512x1
Grid size : 1x2048
Shared memory size: 0 bytes
GPU kernel version: cublas
Elapsed time: 0.089253 s
Performance:  601.515817 Gflop/s
>>>> End of record <<<<
Dimension M: 2048
Adjusted dimension M: 2048
Dimension N: 512
Adjusted dimension N: 512
Dimension K: 512
Adjusted dimension K: 512
>>>> Begin of record <<<<
Block size: 512x1
Grid size : 1x2048
Shared memory size: 0 bytes
GPU kernel version: cublas
Elapsed time: 0.170690 s
Performance:  629.059596 Gflop/s
>>>> End of record <<<<
Dimension M: 2048
Adjusted dimension M: 2048
Dimension N: 512
Adjusted dimension N: 512
Dimension K: 1024
Adjusted dimension K: 1024
>>>> Begin of record <<<<
Block size: 512x1
Grid size : 1x2048
Shared memory size: 0 bytes
GPU kernel version: cublas
Elapsed time: 0.334462 s
Performance:  642.071042 Gflop/s
>>>> End of record <<<<
Dimension M: 2048
Adjusted dimension M: 2048
Dimension N: 512
Adjusted dimension N: 512
Dimension K: 2048
Adjusted dimension K: 2048
>>>> Begin of record <<<<
Block size: 512x1
Grid size : 1x2048
Shared memory size: 0 bytes
GPU kernel version: cublas
Elapsed time: 0.664480 s
Performance:  646.365172 Gflop/s
>>>> End of record <<<<
Dimension M: 2048
Adjusted dimension M: 2048
Dimension N: 1024
Adjusted dimension N: 1024
Dimension K: 256
Adjusted dimension K: 256
>>>> Begin of record <<<<
Block size: 512x1
Grid size : 2x2048
Shared memory size: 0 bytes
GPU kernel version: cublas
Elapsed time: 0.172077 s
Performance:  623.989158 Gflop/s
>>>> End of record <<<<
Dimension M: 2048
Adjusted dimension M: 2048
Dimension N: 1024
Adjusted dimension N: 1024
Dimension K: 512
Adjusted dimension K: 512
>>>> Begin of record <<<<
Block size: 512x1
Grid size : 2x2048
Shared memory size: 0 bytes
GPU kernel version: cublas
Elapsed time: 0.331519 s
Performance:  647.770911 Gflop/s
>>>> End of record <<<<
Dimension M: 2048
Adjusted dimension M: 2048
Dimension N: 1024
Adjusted dimension N: 1024
Dimension K: 1024
Adjusted dimension K: 1024
>>>> Begin of record <<<<
Block size: 512x1
Grid size : 2x2048
Shared memory size: 0 bytes
GPU kernel version: cublas
Elapsed time: 0.654371 s
Performance:  656.350495 Gflop/s
>>>> End of record <<<<
Dimension M: 2048
Adjusted dimension M: 2048
Dimension N: 1024
Adjusted dimension N: 1024
Dimension K: 2048
Adjusted dimension K: 2048
>>>> Begin of record <<<<
Block size: 512x1
Grid size : 2x2048
Shared memory size: 0 bytes
GPU kernel version: cublas
Elapsed time: 1.302328 s
Performance:  659.583038 Gflop/s
>>>> End of record <<<<
Dimension M: 2048
Adjusted dimension M: 2048
Dimension N: 2048
Adjusted dimension N: 2048
Dimension K: 256
Adjusted dimension K: 256
>>>> Begin of record <<<<
Block size: 512x1
Grid size : 4x2048
Shared memory size: 0 bytes
GPU kernel version: cublas
Elapsed time: 0.338408 s
Performance:  634.584185 Gflop/s
>>>> End of record <<<<
Dimension M: 2048
Adjusted dimension M: 2048
Dimension N: 2048
Adjusted dimension N: 2048
Dimension K: 512
Adjusted dimension K: 512
>>>> Begin of record <<<<
Block size: 512x1
Grid size : 4x2048
Shared memory size: 0 bytes
GPU kernel version: cublas
Elapsed time: 0.654522 s
Performance:  656.199073 Gflop/s
>>>> End of record <<<<
Dimension M: 2048
Adjusted dimension M: 2048
Dimension N: 2048
Adjusted dimension N: 2048
Dimension K: 1024
Adjusted dimension K: 1024
>>>> Begin of record <<<<
Block size: 512x1
Grid size : 4x2048
Shared memory size: 0 bytes
GPU kernel version: cublas
Elapsed time: 1.286218 s
Performance:  667.844377 Gflop/s
>>>> End of record <<<<
Dimension M: 2048
Adjusted dimension M: 2048
Dimension N: 2048
Adjusted dimension N: 2048
Dimension K: 2048
Adjusted dimension K: 2048
>>>> Begin of record <<<<
Block size: 512x1
Grid size : 4x2048
Shared memory size: 0 bytes
GPU kernel version: cublas
Elapsed time: 2.564789 s
Performance:  669.835576 Gflop/s
>>>> End of record <<<<
Benchmark ended on Tue Mar 12 04:34:13 EET 2019 in termi5
