 
#threads = 1 
 
------------------------------------------
 
FW_SR,1024,128,0.7383
FW_SR,2048,128,5.3360
FW_SR,4096,128,40.7888
 
------------------------------------------
 
#threads = 2 
 
------------------------------------------
 
FW_SR,1024,128,0.5929
FW_SR,2048,128,4.1589
FW_SR,4096,128,31.0840
 
------------------------------------------
 
#threads = 4 
 
------------------------------------------
 
FW_SR,1024,128,0.5928
FW_SR,2048,128,4.1519
FW_SR,4096,128,31.4262
 
------------------------------------------
 
#threads = 8 
 
------------------------------------------
 
FW_SR,1024,128,0.5955
FW_SR,2048,128,4.1590
FW_SR,4096,128,31.4750
 
------------------------------------------
 
#threads = 16 
 
------------------------------------------
 
FW_SR,1024,128,0.6012
FW_SR,2048,128,4.1609
FW_SR,4096,128,31.1206
 
------------------------------------------
 
#threads = 32 
 
------------------------------------------
 
FW_SR,1024,128,0.6010
FW_SR,2048,128,4.1716
FW_SR,4096,128,31.1048
 
------------------------------------------
 
#threads = 64 
 
------------------------------------------
 
FW_SR,1024,128,0.6016
FW_SR,2048,128,4.1548
FW_SR,4096,128,31.4048
 
------------------------------------------
