 
#threads = 1 
 
------------------------------------------
 
FW,1024,2.2742
FW,2048,18.8549
FW,4096,153.9675
 
------------------------------------------
 
#threads = 2 
 
------------------------------------------
 
FW,1024,1.1650
FW,2048,9.1530
FW,4096,81.6528
 
------------------------------------------
 
#threads = 4 
 
------------------------------------------
 
FW,1024,0.5968
FW,2048,4.6097
FW,4096,39.4467
 
------------------------------------------
 
#threads = 8 
 
------------------------------------------
 
FW,1024,0.3172
FW,2048,2.3527
FW,4096,23.7395
 
------------------------------------------
 
#threads = 16 
 
------------------------------------------
 
FW,1024,0.3114
FW,2048,1.3564
FW,4096,21.6586
 
------------------------------------------
 
#threads = 32 
 
------------------------------------------
 
FW,1024,0.1855
FW,2048,1.2331
FW,4096,49.9237
 
------------------------------------------
 
#threads = 64 
 
------------------------------------------
 
FW,1024,0.2368
FW,2048,1.2670
FW,4096,19.6297
 
------------------------------------------
