 
#threads = 1 
 
------------------------------------------
 
FW_TILED,1024,128,0.7901
FW_TILED,2048,128,5.6518
FW_TILED,4096,128,43.1997
 
------------------------------------------
 
#threads = 2 
 
------------------------------------------
 
FW_TILED,1024,128,0.4404
FW_TILED,2048,128,2.9940
FW_TILED,4096,128,22.6995
 
------------------------------------------
 
#threads = 4 
 
------------------------------------------
 
FW_TILED,1024,128,0.4006
FW_TILED,2048,128,3.0068
FW_TILED,4096,128,18.5311
 
------------------------------------------
 
#threads = 8 
 
------------------------------------------
 
FW_TILED,1024,128,0.2999
FW_TILED,2048,128,2.1438
FW_TILED,4096,128,16.7578
 
------------------------------------------
 
#threads = 16 
 
------------------------------------------
 
FW_TILED,1024,128,0.2682
FW_TILED,2048,128,1.5608
FW_TILED,4096,128,12.6390
 
------------------------------------------
 
#threads = 32 
 
------------------------------------------
 
FW_TILED,1024,128,0.2341
FW_TILED,2048,128,1.0407
FW_TILED,4096,128,8.5859
 
------------------------------------------
 
#threads = 64 
 
------------------------------------------
 
FW_TILED,1024,128,0.3134
FW_TILED,2048,128,1.1031
FW_TILED,4096,128,5.5875
 
------------------------------------------
